<?xml version="1.0" encoding="UTF-8"?>
<!-- Generated by org.testng.reporters.JUnitXMLReporter -->
<testsuite ignored="0" hostname="FLLAP0221s-MacBook-Air.local" failures="1" tests="2" name="FlexiloansMultiFlows " time="0.961" errors="0" timestamp="2023-05-18T15:27:57 IST">
  <testcase classname="com.FlexiloanFlows.testCases.BaseClass" name="@BeforeClass setup" time="-1.68440387272E9">
    <failure type="org.testng.TestNGException" message="
Parameter &amp;apos;browser&amp;apos; is required by BeforeClass on method setup but has not been marked @Optional or defined
in /Users/fllap0221/eclipse-workspace/Automation_FlexiloansFlow/TestNG.xml">
      <![CDATA[org.testng.TestNGException: 
Parameter 'browser' is required by BeforeClass on method setup but has not been marked @Optional or defined
in /Users/fllap0221/eclipse-workspace/Automation_FlexiloansFlow/TestNG.xml
at java.base/java.util.ArrayList.forEach(ArrayList.java:1511)
... Removed 22 stack frames]]>
    </failure>
  </testcase> <!-- @BeforeClass setup -->
  <testcase classname="com.FlexiloanFlows.testCases.BaseClass" name="dynamicWait" time="0.0">
    <failure type="org.testng.TestNGException" message="
Cannot inject @Test annotated Method [dynamicWait] with [int, class org.openqa.selenium.By].
For more information on native dependency injection please refer to https://testng.org/doc/documentation-main.html#native-dependency-injection">
      <![CDATA[org.testng.TestNGException: 
Cannot inject @Test annotated Method [dynamicWait] with [int, class org.openqa.selenium.By].
For more information on native dependency injection please refer to https://testng.org/doc/documentation-main.html#native-dependency-injection
at java.base/java.util.ArrayList.forEach(ArrayList.java:1511)
... Removed 26 stack frames]]>
    </failure>
  </testcase> <!-- dynamicWait -->
  <testcase classname="com.FlexiloanFlows.testCases.TestingScript" name="test" time="0.0">
    <skipped/>
  </testcase> <!-- test -->
</testsuite> <!-- FlexiloansMultiFlows  -->
